  Application.cpp
  BGM.cpp
  Bullet.cpp
C:\Users\fko2447025\Documents\GitHub\ColorfulFighter6\ColorfulFighter2\Player.h(67,54): warning C4244: '=': 'int' から 'float' への変換です。データが失われる可能性があります。
  (ソース ファイル 'Bullet.cpp' をコンパイルしています)
  
C:\Users\fko2447025\Documents\GitHub\ColorfulFighter6\ColorfulFighter2\Bullet.cpp(12,29): warning C4244: '初期化中': 'float' から 'const int' への変換です。データが失われる可能性があります。
C:\Users\fko2447025\Documents\GitHub\ColorfulFighter6\ColorfulFighter2\Bullet.cpp(18,29): warning C4244: '初期化中': 'float' から 'const int' への変換です。データが失われる可能性があります。
C:\Users\fko2447025\Documents\GitHub\ColorfulFighter6\ColorfulFighter2\Bullet.cpp(27,29): warning C4244: '初期化中': 'float' から 'const int' への変換です。データが失われる可能性があります。
C:\Users\fko2447025\Documents\GitHub\ColorfulFighter6\ColorfulFighter2\Bullet.cpp(34,33): warning C4244: '初期化中': 'float' から 'const int' への変換です。データが失われる可能性があります。
  Camera.cpp
C:\Users\fko2447025\Documents\GitHub\ColorfulFighter6\ColorfulFighter2\Player.h(67,54): warning C4244: '=': 'int' から 'float' への変換です。データが失われる可能性があります。
  (ソース ファイル 'Camera.cpp' をコンパイルしています)
  
  CollisionCheck.cpp
C:\Users\fko2447025\Documents\GitHub\ColorfulFighter6\ColorfulFighter2\Player.h(67,54): warning C4244: '=': 'int' から 'float' への変換です。データが失われる可能性があります。
  (ソース ファイル 'CollisionCheck.cpp' をコンパイルしています)
  
C:\Users\fko2447025\Documents\GitHub\ColorfulFighter6\ColorfulFighter2\CollisionCheck.cpp(137,20): warning C4244: '初期化中': 'int' から 'float' への変換です。データが失われる可能性があります。
C:\Users\fko2447025\Documents\GitHub\ColorfulFighter6\ColorfulFighter2\CollisionCheck.cpp(153,20): warning C4244: '初期化中': 'int' から 'float' への変換です。データが失われる可能性があります。
C:\Users\fko2447025\Documents\GitHub\ColorfulFighter6\ColorfulFighter2\CollisionCheck.cpp(167,20): warning C4244: '初期化中': 'int' から 'float' への変換です。データが失われる可能性があります。
C:\Users\fko2447025\Documents\GitHub\ColorfulFighter6\ColorfulFighter2\CollisionCheck.cpp(182,20): warning C4244: '初期化中': 'int' から 'float' への変換です。データが失われる可能性があります。
  FadeManager.cpp
  Player.cpp
C:\Users\fko2447025\Documents\GitHub\ColorfulFighter6\ColorfulFighter2\Player.h(67,54): warning C4244: '=': 'int' から 'float' への変換です。データが失われる可能性があります。
  (ソース ファイル 'Player.cpp' をコンパイルしています)
  
C:\Users\fko2447025\Documents\GitHub\ColorfulFighter6\ColorfulFighter2\Player.cpp(319,19): warning C4244: '引数': 'float' から 'int' への変換です。データが失われる可能性があります。
C:\Users\fko2447025\Documents\GitHub\ColorfulFighter6\ColorfulFighter2\Player.cpp(592,47): warning C4244: '引数': 'float' から 'int' への変換です。データが失われる可能性があります。
C:\Users\fko2447025\Documents\GitHub\ColorfulFighter6\ColorfulFighter2\Player.cpp(591,47): warning C4244: '引数': 'float' から 'int' への変換です。データが失われる可能性があります。
C:\Users\fko2447025\Documents\GitHub\ColorfulFighter6\ColorfulFighter2\Player.cpp(590,47): warning C4244: '引数': 'float' から 'int' への変換です。データが失われる可能性があります。
C:\Users\fko2447025\Documents\GitHub\ColorfulFighter6\ColorfulFighter2\Player.cpp(589,47): warning C4244: '引数': 'float' から 'int' への変換です。データが失われる可能性があります。
C:\Users\fko2447025\Documents\GitHub\ColorfulFighter6\ColorfulFighter2\Player.cpp(600,50): warning C4244: '引数': 'float' から 'int' への変換です。データが失われる可能性があります。
C:\Users\fko2447025\Documents\GitHub\ColorfulFighter6\ColorfulFighter2\Player.cpp(599,50): warning C4244: '引数': 'float' から 'int' への変換です。データが失われる可能性があります。
C:\Users\fko2447025\Documents\GitHub\ColorfulFighter6\ColorfulFighter2\Player.cpp(598,50): warning C4244: '引数': 'float' から 'int' への変換です。データが失われる可能性があります。
C:\Users\fko2447025\Documents\GitHub\ColorfulFighter6\ColorfulFighter2\Player.cpp(597,50): warning C4244: '引数': 'float' から 'int' への変換です。データが失われる可能性があります。
C:\Users\fko2447025\Documents\GitHub\ColorfulFighter6\ColorfulFighter2\Player.cpp(607,50): warning C4244: '引数': 'float' から 'int' への変換です。データが失われる可能性があります。
C:\Users\fko2447025\Documents\GitHub\ColorfulFighter6\ColorfulFighter2\Player.cpp(606,50): warning C4244: '引数': 'float' から 'int' への変換です。データが失われる可能性があります。
C:\Users\fko2447025\Documents\GitHub\ColorfulFighter6\ColorfulFighter2\Player.cpp(605,50): warning C4244: '引数': 'float' から 'int' への変換です。データが失われる可能性があります。
C:\Users\fko2447025\Documents\GitHub\ColorfulFighter6\ColorfulFighter2\Player.cpp(604,50): warning C4244: '引数': 'float' から 'int' への変換です。データが失われる可能性があります。
C:\Users\fko2447025\Documents\GitHub\ColorfulFighter6\ColorfulFighter2\Player.cpp(614,49): warning C4244: '引数': 'float' から 'int' への変換です。データが失われる可能性があります。
C:\Users\fko2447025\Documents\GitHub\ColorfulFighter6\ColorfulFighter2\Player.cpp(613,49): warning C4244: '引数': 'float' から 'int' への変換です。データが失われる可能性があります。
C:\Users\fko2447025\Documents\GitHub\ColorfulFighter6\ColorfulFighter2\Player.cpp(612,49): warning C4244: '引数': 'float' から 'int' への変換です。データが失われる可能性があります。
C:\Users\fko2447025\Documents\GitHub\ColorfulFighter6\ColorfulFighter2\Player.cpp(611,49): warning C4244: '引数': 'float' から 'int' への変換です。データが失われる可能性があります。
C:\Users\fko2447025\Documents\GitHub\ColorfulFighter6\ColorfulFighter2\Player.cpp(621,51): warning C4244: '引数': 'float' から 'int' への変換です。データが失われる可能性があります。
C:\Users\fko2447025\Documents\GitHub\ColorfulFighter6\ColorfulFighter2\Player.cpp(620,51): warning C4244: '引数': 'float' から 'int' への変換です。データが失われる可能性があります。
C:\Users\fko2447025\Documents\GitHub\ColorfulFighter6\ColorfulFighter2\Player.cpp(619,51): warning C4244: '引数': 'float' から 'int' への変換です。データが失われる可能性があります。
C:\Users\fko2447025\Documents\GitHub\ColorfulFighter6\ColorfulFighter2\Player.cpp(618,51): warning C4244: '引数': 'float' から 'int' への変換です。データが失われる可能性があります。
C:\Users\fko2447025\Documents\GitHub\ColorfulFighter6\ColorfulFighter2\Player.cpp(630,53): warning C4244: '引数': 'float' から 'int' への変換です。データが失われる可能性があります。
C:\Users\fko2447025\Documents\GitHub\ColorfulFighter6\ColorfulFighter2\Player.cpp(629,53): warning C4244: '引数': 'float' から 'int' への変換です。データが失われる可能性があります。
C:\Users\fko2447025\Documents\GitHub\ColorfulFighter6\ColorfulFighter2\Player.cpp(628,53): warning C4244: '引数': 'float' から 'int' への変換です。データが失われる可能性があります。
C:\Users\fko2447025\Documents\GitHub\ColorfulFighter6\ColorfulFighter2\Player.cpp(627,53): warning C4244: '引数': 'float' から 'int' への変換です。データが失われる可能性があります。
C:\Users\fko2447025\Documents\GitHub\ColorfulFighter6\ColorfulFighter2\Player.cpp(637,52): warning C4244: '引数': 'float' から 'int' への変換です。データが失われる可能性があります。
C:\Users\fko2447025\Documents\GitHub\ColorfulFighter6\ColorfulFighter2\Player.cpp(636,52): warning C4244: '引数': 'float' から 'int' への変換です。データが失われる可能性があります。
C:\Users\fko2447025\Documents\GitHub\ColorfulFighter6\ColorfulFighter2\Player.cpp(635,52): warning C4244: '引数': 'float' から 'int' への変換です。データが失われる可能性があります。
C:\Users\fko2447025\Documents\GitHub\ColorfulFighter6\ColorfulFighter2\Player.cpp(634,52): warning C4244: '引数': 'float' から 'int' への変換です。データが失われる可能性があります。
C:\Users\fko2447025\Documents\GitHub\ColorfulFighter6\ColorfulFighter2\Player.cpp(648,47): warning C4244: '引数': 'float' から 'int' への変換です。データが失われる可能性があります。
C:\Users\fko2447025\Documents\GitHub\ColorfulFighter6\ColorfulFighter2\Player.cpp(647,47): warning C4244: '引数': 'float' から 'int' への変換です。データが失われる可能性があります。
C:\Users\fko2447025\Documents\GitHub\ColorfulFighter6\ColorfulFighter2\Player.cpp(646,47): warning C4244: '引数': 'float' から 'int' への変換です。データが失われる可能性があります。
C:\Users\fko2447025\Documents\GitHub\ColorfulFighter6\ColorfulFighter2\Player.cpp(645,47): warning C4244: '引数': 'float' から 'int' への変換です。データが失われる可能性があります。
C:\Users\fko2447025\Documents\GitHub\ColorfulFighter6\ColorfulFighter2\Player.cpp(656,50): warning C4244: '引数': 'float' から 'int' への変換です。データが失われる可能性があります。
C:\Users\fko2447025\Documents\GitHub\ColorfulFighter6\ColorfulFighter2\Player.cpp(655,50): warning C4244: '引数': 'float' から 'int' への変換です。データが失われる可能性があります。
C:\Users\fko2447025\Documents\GitHub\ColorfulFighter6\ColorfulFighter2\Player.cpp(654,50): warning C4244: '引数': 'float' から 'int' への変換です。データが失われる可能性があります。
C:\Users\fko2447025\Documents\GitHub\ColorfulFighter6\ColorfulFighter2\Player.cpp(653,50): warning C4244: '引数': 'float' から 'int' への変換です。データが失われる可能性があります。
C:\Users\fko2447025\Documents\GitHub\ColorfulFighter6\ColorfulFighter2\Player.cpp(663,50): warning C4244: '引数': 'float' から 'int' への変換です。データが失われる可能性があります。
C:\Users\fko2447025\Documents\GitHub\ColorfulFighter6\ColorfulFighter2\Player.cpp(662,50): warning C4244: '引数': 'float' から 'int' への変換です。データが失われる可能性があります。
C:\Users\fko2447025\Documents\GitHub\ColorfulFighter6\ColorfulFighter2\Player.cpp(661,50): warning C4244: '引数': 'float' から 'int' への変換です。データが失われる可能性があります。
C:\Users\fko2447025\Documents\GitHub\ColorfulFighter6\ColorfulFighter2\Player.cpp(660,50): warning C4244: '引数': 'float' から 'int' への変換です。データが失われる可能性があります。
C:\Users\fko2447025\Documents\GitHub\ColorfulFighter6\ColorfulFighter2\Player.cpp(670,49): warning C4244: '引数': 'float' から 'int' への変換です。データが失われる可能性があります。
C:\Users\fko2447025\Documents\GitHub\ColorfulFighter6\ColorfulFighter2\Player.cpp(669,49): warning C4244: '引数': 'float' から 'int' への変換です。データが失われる可能性があります。
C:\Users\fko2447025\Documents\GitHub\ColorfulFighter6\ColorfulFighter2\Player.cpp(668,49): warning C4244: '引数': 'float' から 'int' への変換です。データが失われる可能性があります。
C:\Users\fko2447025\Documents\GitHub\ColorfulFighter6\ColorfulFighter2\Player.cpp(667,49): warning C4244: '引数': 'float' から 'int' への変換です。データが失われる可能性があります。
C:\Users\fko2447025\Documents\GitHub\ColorfulFighter6\ColorfulFighter2\Player.cpp(677,51): warning C4244: '引数': 'float' から 'int' への変換です。データが失われる可能性があります。
C:\Users\fko2447025\Documents\GitHub\ColorfulFighter6\ColorfulFighter2\Player.cpp(676,51): warning C4244: '引数': 'float' から 'int' への変換です。データが失われる可能性があります。
C:\Users\fko2447025\Documents\GitHub\ColorfulFighter6\ColorfulFighter2\Player.cpp(675,51): warning C4244: '引数': 'float' から 'int' への変換です。データが失われる可能性があります。
C:\Users\fko2447025\Documents\GitHub\ColorfulFighter6\ColorfulFighter2\Player.cpp(674,51): warning C4244: '引数': 'float' から 'int' への変換です。データが失われる可能性があります。
C:\Users\fko2447025\Documents\GitHub\ColorfulFighter6\ColorfulFighter2\Player.cpp(686,53): warning C4244: '引数': 'float' から 'int' への変換です。データが失われる可能性があります。
C:\Users\fko2447025\Documents\GitHub\ColorfulFighter6\ColorfulFighter2\Player.cpp(685,53): warning C4244: '引数': 'float' から 'int' への変換です。データが失われる可能性があります。
C:\Users\fko2447025\Documents\GitHub\ColorfulFighter6\ColorfulFighter2\Player.cpp(684,53): warning C4244: '引数': 'float' から 'int' への変換です。データが失われる可能性があります。
C:\Users\fko2447025\Documents\GitHub\ColorfulFighter6\ColorfulFighter2\Player.cpp(683,53): warning C4244: '引数': 'float' から 'int' への変換です。データが失われる可能性があります。
C:\Users\fko2447025\Documents\GitHub\ColorfulFighter6\ColorfulFighter2\Player.cpp(694,52): warning C4244: '引数': 'float' から 'int' への変換です。データが失われる可能性があります。
C:\Users\fko2447025\Documents\GitHub\ColorfulFighter6\ColorfulFighter2\Player.cpp(693,52): warning C4244: '引数': 'float' から 'int' への変換です。データが失われる可能性があります。
C:\Users\fko2447025\Documents\GitHub\ColorfulFighter6\ColorfulFighter2\Player.cpp(692,52): warning C4244: '引数': 'float' から 'int' への変換です。データが失われる可能性があります。
C:\Users\fko2447025\Documents\GitHub\ColorfulFighter6\ColorfulFighter2\Player.cpp(691,52): warning C4244: '引数': 'float' から 'int' への変換です。データが失われる可能性があります。
  Chara.cpp
C:\Users\fko2447025\Documents\GitHub\ColorfulFighter6\ColorfulFighter2\Player.h(67,54): warning C4244: '=': 'int' から 'float' への変換です。データが失われる可能性があります。
  (ソース ファイル 'Chara.cpp' をコンパイルしています)
  
C:\Users\fko2447025\Documents\GitHub\ColorfulFighter6\ColorfulFighter2\Chara.cpp(768,17): warning C4244: '=': 'float' から 'int' への変換です。データが失われる可能性があります。
C:\Users\fko2447025\Documents\GitHub\ColorfulFighter6\ColorfulFighter2\Chara.cpp(839,17): warning C4244: '=': 'float' から 'int' への変換です。データが失われる可能性があります。
C:\Users\fko2447025\Documents\GitHub\ColorfulFighter6\ColorfulFighter2\Chara.cpp(911,17): warning C4244: '=': 'float' から 'int' への変換です。データが失われる可能性があります。
C:\Users\fko2447025\Documents\GitHub\ColorfulFighter6\ColorfulFighter2\Chara.cpp(985,17): warning C4244: '=': 'float' から 'int' への変換です。データが失われる可能性があります。
C:\Users\fko2447025\Documents\GitHub\ColorfulFighter6\ColorfulFighter2\Chara.cpp(1056,17): warning C4244: '=': 'float' から 'int' への変換です。データが失われる可能性があります。
C:\Users\fko2447025\Documents\GitHub\ColorfulFighter6\ColorfulFighter2\Chara.cpp(1127,17): warning C4244: '=': 'float' から 'int' への変換です。データが失われる可能性があります。
C:\Users\fko2447025\Documents\GitHub\ColorfulFighter6\ColorfulFighter2\Chara.cpp(1198,17): warning C4244: '=': 'float' から 'int' への変換です。データが失われる可能性があります。
C:\Users\fko2447025\Documents\GitHub\ColorfulFighter6\ColorfulFighter2\Chara.cpp(1270,17): warning C4244: '=': 'float' から 'int' への変換です。データが失われる可能性があります。
C:\Users\fko2447025\Documents\GitHub\ColorfulFighter6\ColorfulFighter2\Chara.cpp(1341,17): warning C4244: '=': 'float' から 'int' への変換です。データが失われる可能性があります。
C:\Users\fko2447025\Documents\GitHub\ColorfulFighter6\ColorfulFighter2\Chara.cpp(1413,17): warning C4244: '=': 'float' から 'int' への変換です。データが失われる可能性があります。
C:\Users\fko2447025\Documents\GitHub\ColorfulFighter6\ColorfulFighter2\Chara.cpp(1486,17): warning C4244: '=': 'float' から 'int' への変換です。データが失われる可能性があります。
C:\Users\fko2447025\Documents\GitHub\ColorfulFighter6\ColorfulFighter2\Chara.cpp(1560,17): warning C4244: '=': 'float' から 'int' への変換です。データが失われる可能性があります。
C:\Users\fko2447025\Documents\GitHub\ColorfulFighter6\ColorfulFighter2\Chara.cpp(1654,17): warning C4244: '=': 'float' から 'int' への変換です。データが失われる可能性があります。
C:\Users\fko2447025\Documents\GitHub\ColorfulFighter6\ColorfulFighter2\Chara.cpp(2163,24): warning C4244: '引数': 'float' から 'int' への変換です。データが失われる可能性があります。
C:\Users\fko2447025\Documents\GitHub\ColorfulFighter6\ColorfulFighter2\Chara.cpp(2176,24): warning C4244: '引数': 'float' から 'int' への変換です。データが失われる可能性があります。
C:\Users\fko2447025\Documents\GitHub\ColorfulFighter6\ColorfulFighter2\Chara.cpp(2297,24): warning C4244: '引数': 'float' から 'int' への変換です。データが失われる可能性があります。
C:\Users\fko2447025\Documents\GitHub\ColorfulFighter6\ColorfulFighter2\Chara.cpp(2302,24): warning C4244: '引数': 'float' から 'int' への変換です。データが失われる可能性があります。
C:\Users\fko2447025\Documents\GitHub\ColorfulFighter6\ColorfulFighter2\Chara.cpp(2448,24): warning C4244: '引数': 'float' から 'int' への変換です。データが失われる可能性があります。
C:\Users\fko2447025\Documents\GitHub\ColorfulFighter6\ColorfulFighter2\Chara.cpp(2464,24): warning C4244: '引数': 'float' から 'int' への変換です。データが失われる可能性があります。
C:\Users\fko2447025\Documents\GitHub\ColorfulFighter6\ColorfulFighter2\Chara.cpp(2780,24): warning C4244: '引数': 'float' から 'int' への変換です。データが失われる可能性があります。
C:\Users\fko2447025\Documents\GitHub\ColorfulFighter6\ColorfulFighter2\Chara.cpp(2798,24): warning C4244: '引数': 'float' から 'int' への変換です。データが失われる可能性があります。
C:\Users\fko2447025\Documents\GitHub\ColorfulFighter6\ColorfulFighter2\Chara.cpp(2899,24): warning C4244: '引数': 'float' から 'int' への変換です。データが失われる可能性があります。
C:\Users\fko2447025\Documents\GitHub\ColorfulFighter6\ColorfulFighter2\Chara.cpp(2913,24): warning C4244: '引数': 'float' から 'int' への変換です。データが失われる可能性があります。
C:\Users\fko2447025\Documents\GitHub\ColorfulFighter6\ColorfulFighter2\Chara.cpp(3056,24): warning C4244: '引数': 'float' から 'int' への変換です。データが失われる可能性があります。
C:\Users\fko2447025\Documents\GitHub\ColorfulFighter6\ColorfulFighter2\Chara.cpp(3063,24): warning C4244: '引数': 'float' から 'int' への変換です。データが失われる可能性があります。
  CharacterselectScene.cpp
C:\Users\fko2447025\Documents\GitHub\ColorfulFighter6\ColorfulFighter2\CharacterselectScene.h(2,10): warning C4067: プリプロセッサ ディレクティブの後に余分な文字がありました - 改行が必要です
  (ソース ファイル 'CharacterselectScene.cpp' をコンパイルしています)
  
C:\Users\fko2447025\Documents\GitHub\ColorfulFighter6\ColorfulFighter2\CharacterselectScene.cpp(516,54): warning C4244: '引数': 'float' から 'int' への変換です。データが失われる可能性があります。
C:\Users\fko2447025\Documents\GitHub\ColorfulFighter6\ColorfulFighter2\CharacterselectScene.cpp(521,23): warning C4244: '引数': 'float' から 'int' への変換です。データが失われる可能性があります。
  GameManager.cpp
C:\Users\fko2447025\Documents\GitHub\ColorfulFighter6\ColorfulFighter2\Player.h(67,54): warning C4244: '=': 'int' から 'float' への変換です。データが失われる可能性があります。
  (ソース ファイル 'GameManager.cpp' をコンパイルしています)
  
  GameScene.cpp
C:\Users\fko2447025\Documents\GitHub\ColorfulFighter6\ColorfulFighter2\CharacterselectScene.h(2,10): warning C4067: プリプロセッサ ディレクティブの後に余分な文字がありました - 改行が必要です
  (ソース ファイル 'GameScene.cpp' をコンパイルしています)
  
C:\Users\fko2447025\Documents\GitHub\ColorfulFighter6\ColorfulFighter2\Player.h(67,54): warning C4244: '=': 'int' から 'float' への変換です。データが失われる可能性があります。
  (ソース ファイル 'GameScene.cpp' をコンパイルしています)
  
C:\Users\fko2447025\Documents\GitHub\ColorfulFighter6\ColorfulFighter2\GameScene.cpp(86,18): warning C4244: '引数': 'float' から 'int' への変換です。データが失われる可能性があります。
C:\Users\fko2447025\Documents\GitHub\ColorfulFighter6\ColorfulFighter2\GameScene.cpp(85,27): warning C4244: '引数': 'float' から 'int' への変換です。データが失われる可能性があります。
C:\Users\fko2447025\Documents\GitHub\ColorfulFighter6\ColorfulFighter2\GameScene.cpp(89,19): warning C4244: '引数': 'float' から 'int' への変換です。データが失われる可能性があります。
C:\Users\fko2447025\Documents\GitHub\ColorfulFighter6\ColorfulFighter2\GameScene.cpp(88,28): warning C4244: '引数': 'float' から 'int' への変換です。データが失われる可能性があります。
C:\Users\fko2447025\Documents\GitHub\ColorfulFighter6\ColorfulFighter2\GameScene.cpp(95,18): warning C4244: '引数': 'float' から 'int' への変換です。データが失われる可能性があります。
C:\Users\fko2447025\Documents\GitHub\ColorfulFighter6\ColorfulFighter2\GameScene.cpp(94,27): warning C4244: '引数': 'float' から 'int' への変換です。データが失われる可能性があります。
C:\Users\fko2447025\Documents\GitHub\ColorfulFighter6\ColorfulFighter2\GameScene.cpp(98,19): warning C4244: '引数': 'float' から 'int' への変換です。データが失われる可能性があります。
C:\Users\fko2447025\Documents\GitHub\ColorfulFighter6\ColorfulFighter2\GameScene.cpp(97,28): warning C4244: '引数': 'float' から 'int' への変換です。データが失われる可能性があります。
  Input.cpp
C:\Users\fko2447025\Documents\GitHub\ColorfulFighter6\ColorfulFighter2\Input.cpp(470,30): warning C4244: '引数': 'const float' から 'int' への変換です。データが失われる可能性があります。
  main.cpp
  ResultScene.cpp
C:\Users\fko2447025\Documents\GitHub\ColorfulFighter6\ColorfulFighter2\CharacterselectScene.h(2,10): warning C4067: プリプロセッサ ディレクティブの後に余分な文字がありました - 改行が必要です
  (ソース ファイル 'ResultScene.cpp' をコンパイルしています)
  
  SceneBase.cpp
  SceneController.cpp
  SE.cpp
  TitleScene.cpp
C:\Users\fko2447025\Documents\GitHub\ColorfulFighter6\ColorfulFighter2\CharacterselectScene.h(2,10): warning C4067: プリプロセッサ ディレクティブの後に余分な文字がありました - 改行が必要です
  (ソース ファイル 'TitleScene.cpp' をコンパイルしています)
  
  UI.cpp
C:\Users\fko2447025\Documents\GitHub\ColorfulFighter6\ColorfulFighter2\UI.cpp(338,59): warning C4244: '引数': 'float' から 'int' への変換です。データが失われる可能性があります。
C:\Users\fko2447025\Documents\GitHub\ColorfulFighter6\ColorfulFighter2\UI.cpp(338,33): warning C4244: '引数': 'float' から 'int' への変換です。データが失われる可能性があります。
C:\Users\fko2447025\Documents\GitHub\ColorfulFighter6\ColorfulFighter2\UI.cpp(340,48): warning C4244: '引数': 'float' から 'int' への変換です。データが失われる可能性があります。
C:\Users\fko2447025\Documents\GitHub\ColorfulFighter6\ColorfulFighter2\UI.cpp(340,22): warning C4244: '引数': 'float' から 'int' への変換です。データが失われる可能性があります。
C:\Users\fko2447025\Documents\GitHub\ColorfulFighter6\ColorfulFighter2\UI.cpp(359,25): warning C4244: '引数': 'float' から 'int' への変換です。データが失われる可能性があります。
C:\Users\fko2447025\Documents\GitHub\ColorfulFighter6\ColorfulFighter2\UI.cpp(358,54): warning C4244: '引数': 'float' から 'int' への変換です。データが失われる可能性があります。
C:\Users\fko2447025\Documents\GitHub\ColorfulFighter6\ColorfulFighter2\UI.cpp(364,25): warning C4244: '引数': 'float' から 'int' への変換です。データが失われる可能性があります。
C:\Users\fko2447025\Documents\GitHub\ColorfulFighter6\ColorfulFighter2\UI.cpp(363,23): warning C4244: '引数': 'float' から 'int' への変換です。データが失われる可能性があります。
C:\Users\fko2447025\Documents\GitHub\ColorfulFighter6\ColorfulFighter2\UI.cpp(392,17): warning C4244: '引数': 'const float' から 'int' への変換です。データが失われる可能性があります。
C:\Users\fko2447025\Documents\GitHub\ColorfulFighter6\ColorfulFighter2\UI.cpp(392,4): warning C4244: '引数': 'const float' から 'int' への変換です。データが失われる可能性があります。
C:\Users\fko2447025\Documents\GitHub\ColorfulFighter6\ColorfulFighter2\UI.cpp(401,34): warning C4244: '引数': 'float' から 'int' への変換です。データが失われる可能性があります。
C:\Users\fko2447025\Documents\GitHub\ColorfulFighter6\ColorfulFighter2\UI.cpp(401,17): warning C4244: '引数': 'float' から 'int' への変換です。データが失われる可能性があります。
C:\Users\fko2447025\Documents\GitHub\ColorfulFighter6\ColorfulFighter2\UI.cpp(414,23): warning C4244: '引数': 'const float' から 'int' への変換です。データが失われる可能性があります。
C:\Users\fko2447025\Documents\GitHub\ColorfulFighter6\ColorfulFighter2\UI.cpp(414,16): warning C4244: '引数': 'float' から 'int' への変換です。データが失われる可能性があります。
C:\Users\fko2447025\Documents\GitHub\ColorfulFighter6\ColorfulFighter2\UI.cpp(418,23): warning C4244: '引数': 'const float' から 'int' への変換です。データが失われる可能性があります。
C:\Users\fko2447025\Documents\GitHub\ColorfulFighter6\ColorfulFighter2\UI.cpp(418,16): warning C4244: '引数': 'float' から 'int' への変換です。データが失われる可能性があります。
C:\Users\fko2447025\Documents\GitHub\ColorfulFighter6\ColorfulFighter2\UI.cpp(423,18): warning C4244: '引数': 'const float' から 'int' への変換です。データが失われる可能性があります。
C:\Users\fko2447025\Documents\GitHub\ColorfulFighter6\ColorfulFighter2\UI.cpp(423,4): warning C4244: '引数': 'const float' から 'int' への変換です。データが失われる可能性があります。
C:\Users\fko2447025\Documents\GitHub\ColorfulFighter6\ColorfulFighter2\UI.cpp(433,24): warning C4244: '引数': 'const float' から 'int' への変換です。データが失われる可能性があります。
C:\Users\fko2447025\Documents\GitHub\ColorfulFighter6\ColorfulFighter2\UI.cpp(433,17): warning C4244: '引数': 'float' から 'int' への変換です。データが失われる可能性があります。
C:\Users\fko2447025\Documents\GitHub\ColorfulFighter6\ColorfulFighter2\UI.cpp(441,24): warning C4244: '引数': 'const float' から 'int' への変換です。データが失われる可能性があります。
C:\Users\fko2447025\Documents\GitHub\ColorfulFighter6\ColorfulFighter2\UI.cpp(441,17): warning C4244: '引数': 'float' から 'int' への変換です。データが失われる可能性があります。
C:\Users\fko2447025\Documents\GitHub\ColorfulFighter6\ColorfulFighter2\UI.cpp(448,32): warning C4244: '引数': 'float' から 'int' への変換です。データが失われる可能性があります。
C:\Users\fko2447025\Documents\GitHub\ColorfulFighter6\ColorfulFighter2\UI.cpp(448,16): warning C4244: '引数': 'float' から 'int' への変換です。データが失われる可能性があります。
C:\Users\fko2447025\Documents\GitHub\ColorfulFighter6\ColorfulFighter2\UI.cpp(453,23): warning C4244: '引数': 'const float' から 'int' への変換です。データが失われる可能性があります。
C:\Users\fko2447025\Documents\GitHub\ColorfulFighter6\ColorfulFighter2\UI.cpp(453,16): warning C4244: '引数': 'float' から 'int' への変換です。データが失われる可能性があります。
  コード生成しています。
C:\Users\fko2447025\Documents\GitHub\ColorfulFighter6\ColorfulFighter2\SceneController.cpp(47): warning C4715: 'SceneController::GetSelectCommandIndex': 値を返さないコントロール パスがあります。
C:\Users\fko2447025\Documents\GitHub\ColorfulFighter6\ColorfulFighter2\GameManager.cpp(305): warning C4715: 'GameManager::ResultWinPlayerIndex': 値を返さないコントロール パスがあります。
  1271 of 1278 functions (99.5%) were compiled, the rest were copied from previous compilation.
    53 functions were new in current compilation
    1 functions had inline decision re-evaluated but remain unchanged
  コード生成が終了しました。
  ColorfulFighter2.vcxproj -> C:\Users\fko2447025\Documents\GitHub\ColorfulFighter6\x64\Release\ColorfulFighter2.exe
