  Bullet.cpp
C:\Users\lovecap\Documents\GitHub\ColorfulFighter5\ColorfulFighter2\Player.h(67,54): warning C4244: '=': 'int' から 'float' への変換です。データが失われる可能性があります。
  (ソース ファイル 'Bullet.cpp' をコンパイルしています)
  
C:\Users\lovecap\Documents\GitHub\ColorfulFighter5\ColorfulFighter2\Bullet.cpp(12,29): warning C4244: '初期化中': 'float' から 'const int' への変換です。データが失われる可能性があります。
C:\Users\lovecap\Documents\GitHub\ColorfulFighter5\ColorfulFighter2\Bullet.cpp(18,29): warning C4244: '初期化中': 'float' から 'const int' への変換です。データが失われる可能性があります。
C:\Users\lovecap\Documents\GitHub\ColorfulFighter5\ColorfulFighter2\Bullet.cpp(27,29): warning C4244: '初期化中': 'float' から 'const int' への変換です。データが失われる可能性があります。
C:\Users\lovecap\Documents\GitHub\ColorfulFighter5\ColorfulFighter2\Bullet.cpp(34,33): warning C4244: '初期化中': 'float' から 'const int' への変換です。データが失われる可能性があります。
C:\Users\lovecap\Documents\GitHub\ColorfulFighter5\ColorfulFighter2\Bullet.cpp(182,52): warning C4244: '引数': 'float' から 'int' への変換です。データが失われる可能性があります。
C:\Users\lovecap\Documents\GitHub\ColorfulFighter5\ColorfulFighter2\Bullet.cpp(181,52): warning C4244: '引数': 'float' から 'int' への変換です。データが失われる可能性があります。
C:\Users\lovecap\Documents\GitHub\ColorfulFighter5\ColorfulFighter2\Bullet.cpp(180,52): warning C4244: '引数': 'float' から 'int' への変換です。データが失われる可能性があります。
C:\Users\lovecap\Documents\GitHub\ColorfulFighter5\ColorfulFighter2\Bullet.cpp(179,52): warning C4244: '引数': 'float' から 'int' への変換です。データが失われる可能性があります。
  Camera.cpp
C:\Users\lovecap\Documents\GitHub\ColorfulFighter5\ColorfulFighter2\Player.h(67,54): warning C4244: '=': 'int' から 'float' への変換です。データが失われる可能性があります。
  (ソース ファイル 'Camera.cpp' をコンパイルしています)
  
  Chara.cpp
C:\Users\lovecap\Documents\GitHub\ColorfulFighter5\ColorfulFighter2\Player.h(67,54): warning C4244: '=': 'int' から 'float' への変換です。データが失われる可能性があります。
  (ソース ファイル 'Chara.cpp' をコンパイルしています)
  
C:\Users\lovecap\Documents\GitHub\ColorfulFighter5\ColorfulFighter2\Chara.cpp(768,17): warning C4244: '=': 'float' から 'int' への変換です。データが失われる可能性があります。
C:\Users\lovecap\Documents\GitHub\ColorfulFighter5\ColorfulFighter2\Chara.cpp(839,17): warning C4244: '=': 'float' から 'int' への変換です。データが失われる可能性があります。
C:\Users\lovecap\Documents\GitHub\ColorfulFighter5\ColorfulFighter2\Chara.cpp(911,17): warning C4244: '=': 'float' から 'int' への変換です。データが失われる可能性があります。
C:\Users\lovecap\Documents\GitHub\ColorfulFighter5\ColorfulFighter2\Chara.cpp(985,17): warning C4244: '=': 'float' から 'int' への変換です。データが失われる可能性があります。
C:\Users\lovecap\Documents\GitHub\ColorfulFighter5\ColorfulFighter2\Chara.cpp(1056,17): warning C4244: '=': 'float' から 'int' への変換です。データが失われる可能性があります。
C:\Users\lovecap\Documents\GitHub\ColorfulFighter5\ColorfulFighter2\Chara.cpp(1127,17): warning C4244: '=': 'float' から 'int' への変換です。データが失われる可能性があります。
C:\Users\lovecap\Documents\GitHub\ColorfulFighter5\ColorfulFighter2\Chara.cpp(1198,17): warning C4244: '=': 'float' から 'int' への変換です。データが失われる可能性があります。
C:\Users\lovecap\Documents\GitHub\ColorfulFighter5\ColorfulFighter2\Chara.cpp(1270,17): warning C4244: '=': 'float' から 'int' への変換です。データが失われる可能性があります。
C:\Users\lovecap\Documents\GitHub\ColorfulFighter5\ColorfulFighter2\Chara.cpp(1341,17): warning C4244: '=': 'float' から 'int' への変換です。データが失われる可能性があります。
C:\Users\lovecap\Documents\GitHub\ColorfulFighter5\ColorfulFighter2\Chara.cpp(1413,17): warning C4244: '=': 'float' から 'int' への変換です。データが失われる可能性があります。
C:\Users\lovecap\Documents\GitHub\ColorfulFighter5\ColorfulFighter2\Chara.cpp(1486,17): warning C4244: '=': 'float' から 'int' への変換です。データが失われる可能性があります。
C:\Users\lovecap\Documents\GitHub\ColorfulFighter5\ColorfulFighter2\Chara.cpp(1560,17): warning C4244: '=': 'float' から 'int' への変換です。データが失われる可能性があります。
C:\Users\lovecap\Documents\GitHub\ColorfulFighter5\ColorfulFighter2\Chara.cpp(1654,17): warning C4244: '=': 'float' から 'int' への変換です。データが失われる可能性があります。
C:\Users\lovecap\Documents\GitHub\ColorfulFighter5\ColorfulFighter2\Chara.cpp(2163,24): warning C4244: '引数': 'float' から 'int' への変換です。データが失われる可能性があります。
C:\Users\lovecap\Documents\GitHub\ColorfulFighter5\ColorfulFighter2\Chara.cpp(2176,24): warning C4244: '引数': 'float' から 'int' への変換です。データが失われる可能性があります。
C:\Users\lovecap\Documents\GitHub\ColorfulFighter5\ColorfulFighter2\Chara.cpp(2297,24): warning C4244: '引数': 'float' から 'int' への変換です。データが失われる可能性があります。
C:\Users\lovecap\Documents\GitHub\ColorfulFighter5\ColorfulFighter2\Chara.cpp(2302,24): warning C4244: '引数': 'float' から 'int' への変換です。データが失われる可能性があります。
C:\Users\lovecap\Documents\GitHub\ColorfulFighter5\ColorfulFighter2\Chara.cpp(2448,24): warning C4244: '引数': 'float' から 'int' への変換です。データが失われる可能性があります。
C:\Users\lovecap\Documents\GitHub\ColorfulFighter5\ColorfulFighter2\Chara.cpp(2464,24): warning C4244: '引数': 'float' から 'int' への変換です。データが失われる可能性があります。
C:\Users\lovecap\Documents\GitHub\ColorfulFighter5\ColorfulFighter2\Chara.cpp(2780,24): warning C4244: '引数': 'float' から 'int' への変換です。データが失われる可能性があります。
C:\Users\lovecap\Documents\GitHub\ColorfulFighter5\ColorfulFighter2\Chara.cpp(2798,24): warning C4244: '引数': 'float' から 'int' への変換です。データが失われる可能性があります。
C:\Users\lovecap\Documents\GitHub\ColorfulFighter5\ColorfulFighter2\Chara.cpp(2899,24): warning C4244: '引数': 'float' から 'int' への変換です。データが失われる可能性があります。
C:\Users\lovecap\Documents\GitHub\ColorfulFighter5\ColorfulFighter2\Chara.cpp(2913,24): warning C4244: '引数': 'float' から 'int' への変換です。データが失われる可能性があります。
C:\Users\lovecap\Documents\GitHub\ColorfulFighter5\ColorfulFighter2\Chara.cpp(3056,24): warning C4244: '引数': 'float' から 'int' への変換です。データが失われる可能性があります。
C:\Users\lovecap\Documents\GitHub\ColorfulFighter5\ColorfulFighter2\Chara.cpp(3063,24): warning C4244: '引数': 'float' から 'int' への変換です。データが失われる可能性があります。
  CollisionCheck.cpp
C:\Users\lovecap\Documents\GitHub\ColorfulFighter5\ColorfulFighter2\Player.h(67,54): warning C4244: '=': 'int' から 'float' への変換です。データが失われる可能性があります。
  (ソース ファイル 'CollisionCheck.cpp' をコンパイルしています)
  
C:\Users\lovecap\Documents\GitHub\ColorfulFighter5\ColorfulFighter2\CollisionCheck.cpp(137,20): warning C4244: '初期化中': 'int' から 'float' への変換です。データが失われる可能性があります。
C:\Users\lovecap\Documents\GitHub\ColorfulFighter5\ColorfulFighter2\CollisionCheck.cpp(153,20): warning C4244: '初期化中': 'int' から 'float' への変換です。データが失われる可能性があります。
C:\Users\lovecap\Documents\GitHub\ColorfulFighter5\ColorfulFighter2\CollisionCheck.cpp(167,20): warning C4244: '初期化中': 'int' から 'float' への変換です。データが失われる可能性があります。
C:\Users\lovecap\Documents\GitHub\ColorfulFighter5\ColorfulFighter2\CollisionCheck.cpp(182,20): warning C4244: '初期化中': 'int' から 'float' への変換です。データが失われる可能性があります。
  GameManager.cpp
C:\Users\lovecap\Documents\GitHub\ColorfulFighter5\ColorfulFighter2\Player.h(67,54): warning C4244: '=': 'int' から 'float' への変換です。データが失われる可能性があります。
  (ソース ファイル 'GameManager.cpp' をコンパイルしています)
  
  GameScene.cpp
C:\Users\lovecap\Documents\GitHub\ColorfulFighter5\ColorfulFighter2\CharacterselectScene.h(2,10): warning C4067: プリプロセッサ ディレクティブの後に余分な文字がありました - 改行が必要です
  (ソース ファイル 'GameScene.cpp' をコンパイルしています)
  
C:\Users\lovecap\Documents\GitHub\ColorfulFighter5\ColorfulFighter2\Player.h(67,54): warning C4244: '=': 'int' から 'float' への変換です。データが失われる可能性があります。
  (ソース ファイル 'GameScene.cpp' をコンパイルしています)
  
C:\Users\lovecap\Documents\GitHub\ColorfulFighter5\ColorfulFighter2\GameScene.cpp(86,18): warning C4244: '引数': 'float' から 'int' への変換です。データが失われる可能性があります。
C:\Users\lovecap\Documents\GitHub\ColorfulFighter5\ColorfulFighter2\GameScene.cpp(85,27): warning C4244: '引数': 'float' から 'int' への変換です。データが失われる可能性があります。
C:\Users\lovecap\Documents\GitHub\ColorfulFighter5\ColorfulFighter2\GameScene.cpp(89,19): warning C4244: '引数': 'float' から 'int' への変換です。データが失われる可能性があります。
C:\Users\lovecap\Documents\GitHub\ColorfulFighter5\ColorfulFighter2\GameScene.cpp(88,28): warning C4244: '引数': 'float' から 'int' への変換です。データが失われる可能性があります。
C:\Users\lovecap\Documents\GitHub\ColorfulFighter5\ColorfulFighter2\GameScene.cpp(95,18): warning C4244: '引数': 'float' から 'int' への変換です。データが失われる可能性があります。
C:\Users\lovecap\Documents\GitHub\ColorfulFighter5\ColorfulFighter2\GameScene.cpp(94,27): warning C4244: '引数': 'float' から 'int' への変換です。データが失われる可能性があります。
C:\Users\lovecap\Documents\GitHub\ColorfulFighter5\ColorfulFighter2\GameScene.cpp(98,19): warning C4244: '引数': 'float' から 'int' への変換です。データが失われる可能性があります。
C:\Users\lovecap\Documents\GitHub\ColorfulFighter5\ColorfulFighter2\GameScene.cpp(97,28): warning C4244: '引数': 'float' から 'int' への変換です。データが失われる可能性があります。
  Player.cpp
C:\Users\lovecap\Documents\GitHub\ColorfulFighter5\ColorfulFighter2\Player.h(67,54): warning C4244: '=': 'int' から 'float' への変換です。データが失われる可能性があります。
  (ソース ファイル 'Player.cpp' をコンパイルしています)
  
C:\Users\lovecap\Documents\GitHub\ColorfulFighter5\ColorfulFighter2\Player.cpp(211,7): error C2660: 'Player::CheckDead': 関数に 0 個の引数を指定できません。
  C:\Users\lovecap\Documents\GitHub\ColorfulFighter5\ColorfulFighter2\Player.h(182,7):
  'Player::CheckDead' の宣言を確認してください
  C:\Users\lovecap\Documents\GitHub\ColorfulFighter5\ColorfulFighter2\Player.cpp(211,7):
  引数リスト '()' を一致させようとしているとき
  
C:\Users\lovecap\Documents\GitHub\ColorfulFighter5\ColorfulFighter2\Player.cpp(316,19): warning C4244: '引数': 'float' から 'int' への変換です。データが失われる可能性があります。
C:\Users\lovecap\Documents\GitHub\ColorfulFighter5\ColorfulFighter2\Player.cpp(589,47): warning C4244: '引数': 'float' から 'int' への変換です。データが失われる可能性があります。
C:\Users\lovecap\Documents\GitHub\ColorfulFighter5\ColorfulFighter2\Player.cpp(588,47): warning C4244: '引数': 'float' から 'int' への変換です。データが失われる可能性があります。
C:\Users\lovecap\Documents\GitHub\ColorfulFighter5\ColorfulFighter2\Player.cpp(587,47): warning C4244: '引数': 'float' から 'int' への変換です。データが失われる可能性があります。
C:\Users\lovecap\Documents\GitHub\ColorfulFighter5\ColorfulFighter2\Player.cpp(586,47): warning C4244: '引数': 'float' から 'int' への変換です。データが失われる可能性があります。
C:\Users\lovecap\Documents\GitHub\ColorfulFighter5\ColorfulFighter2\Player.cpp(597,50): warning C4244: '引数': 'float' から 'int' への変換です。データが失われる可能性があります。
C:\Users\lovecap\Documents\GitHub\ColorfulFighter5\ColorfulFighter2\Player.cpp(596,50): warning C4244: '引数': 'float' から 'int' への変換です。データが失われる可能性があります。
C:\Users\lovecap\Documents\GitHub\ColorfulFighter5\ColorfulFighter2\Player.cpp(595,50): warning C4244: '引数': 'float' から 'int' への変換です。データが失われる可能性があります。
C:\Users\lovecap\Documents\GitHub\ColorfulFighter5\ColorfulFighter2\Player.cpp(594,50): warning C4244: '引数': 'float' から 'int' への変換です。データが失われる可能性があります。
C:\Users\lovecap\Documents\GitHub\ColorfulFighter5\ColorfulFighter2\Player.cpp(604,50): warning C4244: '引数': 'float' から 'int' への変換です。データが失われる可能性があります。
C:\Users\lovecap\Documents\GitHub\ColorfulFighter5\ColorfulFighter2\Player.cpp(603,50): warning C4244: '引数': 'float' から 'int' への変換です。データが失われる可能性があります。
C:\Users\lovecap\Documents\GitHub\ColorfulFighter5\ColorfulFighter2\Player.cpp(602,50): warning C4244: '引数': 'float' から 'int' への変換です。データが失われる可能性があります。
C:\Users\lovecap\Documents\GitHub\ColorfulFighter5\ColorfulFighter2\Player.cpp(601,50): warning C4244: '引数': 'float' から 'int' への変換です。データが失われる可能性があります。
C:\Users\lovecap\Documents\GitHub\ColorfulFighter5\ColorfulFighter2\Player.cpp(611,49): warning C4244: '引数': 'float' から 'int' への変換です。データが失われる可能性があります。
C:\Users\lovecap\Documents\GitHub\ColorfulFighter5\ColorfulFighter2\Player.cpp(610,49): warning C4244: '引数': 'float' から 'int' への変換です。データが失われる可能性があります。
C:\Users\lovecap\Documents\GitHub\ColorfulFighter5\ColorfulFighter2\Player.cpp(609,49): warning C4244: '引数': 'float' から 'int' への変換です。データが失われる可能性があります。
C:\Users\lovecap\Documents\GitHub\ColorfulFighter5\ColorfulFighter2\Player.cpp(608,49): warning C4244: '引数': 'float' から 'int' への変換です。データが失われる可能性があります。
C:\Users\lovecap\Documents\GitHub\ColorfulFighter5\ColorfulFighter2\Player.cpp(618,51): warning C4244: '引数': 'float' から 'int' への変換です。データが失われる可能性があります。
C:\Users\lovecap\Documents\GitHub\ColorfulFighter5\ColorfulFighter2\Player.cpp(617,51): warning C4244: '引数': 'float' から 'int' への変換です。データが失われる可能性があります。
C:\Users\lovecap\Documents\GitHub\ColorfulFighter5\ColorfulFighter2\Player.cpp(616,51): warning C4244: '引数': 'float' から 'int' への変換です。データが失われる可能性があります。
C:\Users\lovecap\Documents\GitHub\ColorfulFighter5\ColorfulFighter2\Player.cpp(615,51): warning C4244: '引数': 'float' から 'int' への変換です。データが失われる可能性があります。
C:\Users\lovecap\Documents\GitHub\ColorfulFighter5\ColorfulFighter2\Player.cpp(627,53): warning C4244: '引数': 'float' から 'int' への変換です。データが失われる可能性があります。
C:\Users\lovecap\Documents\GitHub\ColorfulFighter5\ColorfulFighter2\Player.cpp(626,53): warning C4244: '引数': 'float' から 'int' への変換です。データが失われる可能性があります。
C:\Users\lovecap\Documents\GitHub\ColorfulFighter5\ColorfulFighter2\Player.cpp(625,53): warning C4244: '引数': 'float' から 'int' への変換です。データが失われる可能性があります。
C:\Users\lovecap\Documents\GitHub\ColorfulFighter5\ColorfulFighter2\Player.cpp(624,53): warning C4244: '引数': 'float' から 'int' への変換です。データが失われる可能性があります。
C:\Users\lovecap\Documents\GitHub\ColorfulFighter5\ColorfulFighter2\Player.cpp(634,52): warning C4244: '引数': 'float' から 'int' への変換です。データが失われる可能性があります。
C:\Users\lovecap\Documents\GitHub\ColorfulFighter5\ColorfulFighter2\Player.cpp(633,52): warning C4244: '引数': 'float' から 'int' への変換です。データが失われる可能性があります。
C:\Users\lovecap\Documents\GitHub\ColorfulFighter5\ColorfulFighter2\Player.cpp(632,52): warning C4244: '引数': 'float' から 'int' への変換です。データが失われる可能性があります。
C:\Users\lovecap\Documents\GitHub\ColorfulFighter5\ColorfulFighter2\Player.cpp(631,52): warning C4244: '引数': 'float' から 'int' への変換です。データが失われる可能性があります。
C:\Users\lovecap\Documents\GitHub\ColorfulFighter5\ColorfulFighter2\Player.cpp(645,47): warning C4244: '引数': 'float' から 'int' への変換です。データが失われる可能性があります。
C:\Users\lovecap\Documents\GitHub\ColorfulFighter5\ColorfulFighter2\Player.cpp(644,47): warning C4244: '引数': 'float' から 'int' への変換です。データが失われる可能性があります。
C:\Users\lovecap\Documents\GitHub\ColorfulFighter5\ColorfulFighter2\Player.cpp(643,47): warning C4244: '引数': 'float' から 'int' への変換です。データが失われる可能性があります。
C:\Users\lovecap\Documents\GitHub\ColorfulFighter5\ColorfulFighter2\Player.cpp(642,47): warning C4244: '引数': 'float' から 'int' への変換です。データが失われる可能性があります。
C:\Users\lovecap\Documents\GitHub\ColorfulFighter5\ColorfulFighter2\Player.cpp(653,50): warning C4244: '引数': 'float' から 'int' への変換です。データが失われる可能性があります。
C:\Users\lovecap\Documents\GitHub\ColorfulFighter5\ColorfulFighter2\Player.cpp(652,50): warning C4244: '引数': 'float' から 'int' への変換です。データが失われる可能性があります。
C:\Users\lovecap\Documents\GitHub\ColorfulFighter5\ColorfulFighter2\Player.cpp(651,50): warning C4244: '引数': 'float' から 'int' への変換です。データが失われる可能性があります。
C:\Users\lovecap\Documents\GitHub\ColorfulFighter5\ColorfulFighter2\Player.cpp(650,50): warning C4244: '引数': 'float' から 'int' への変換です。データが失われる可能性があります。
C:\Users\lovecap\Documents\GitHub\ColorfulFighter5\ColorfulFighter2\Player.cpp(660,50): warning C4244: '引数': 'float' から 'int' への変換です。データが失われる可能性があります。
C:\Users\lovecap\Documents\GitHub\ColorfulFighter5\ColorfulFighter2\Player.cpp(659,50): warning C4244: '引数': 'float' から 'int' への変換です。データが失われる可能性があります。
C:\Users\lovecap\Documents\GitHub\ColorfulFighter5\ColorfulFighter2\Player.cpp(658,50): warning C4244: '引数': 'float' から 'int' への変換です。データが失われる可能性があります。
C:\Users\lovecap\Documents\GitHub\ColorfulFighter5\ColorfulFighter2\Player.cpp(657,50): warning C4244: '引数': 'float' から 'int' への変換です。データが失われる可能性があります。
C:\Users\lovecap\Documents\GitHub\ColorfulFighter5\ColorfulFighter2\Player.cpp(667,49): warning C4244: '引数': 'float' から 'int' への変換です。データが失われる可能性があります。
C:\Users\lovecap\Documents\GitHub\ColorfulFighter5\ColorfulFighter2\Player.cpp(666,49): warning C4244: '引数': 'float' から 'int' への変換です。データが失われる可能性があります。
C:\Users\lovecap\Documents\GitHub\ColorfulFighter5\ColorfulFighter2\Player.cpp(665,49): warning C4244: '引数': 'float' から 'int' への変換です。データが失われる可能性があります。
C:\Users\lovecap\Documents\GitHub\ColorfulFighter5\ColorfulFighter2\Player.cpp(664,49): warning C4244: '引数': 'float' から 'int' への変換です。データが失われる可能性があります。
C:\Users\lovecap\Documents\GitHub\ColorfulFighter5\ColorfulFighter2\Player.cpp(674,51): warning C4244: '引数': 'float' から 'int' への変換です。データが失われる可能性があります。
C:\Users\lovecap\Documents\GitHub\ColorfulFighter5\ColorfulFighter2\Player.cpp(673,51): warning C4244: '引数': 'float' から 'int' への変換です。データが失われる可能性があります。
C:\Users\lovecap\Documents\GitHub\ColorfulFighter5\ColorfulFighter2\Player.cpp(672,51): warning C4244: '引数': 'float' から 'int' への変換です。データが失われる可能性があります。
C:\Users\lovecap\Documents\GitHub\ColorfulFighter5\ColorfulFighter2\Player.cpp(671,51): warning C4244: '引数': 'float' から 'int' への変換です。データが失われる可能性があります。
C:\Users\lovecap\Documents\GitHub\ColorfulFighter5\ColorfulFighter2\Player.cpp(683,53): warning C4244: '引数': 'float' から 'int' への変換です。データが失われる可能性があります。
C:\Users\lovecap\Documents\GitHub\ColorfulFighter5\ColorfulFighter2\Player.cpp(682,53): warning C4244: '引数': 'float' から 'int' への変換です。データが失われる可能性があります。
C:\Users\lovecap\Documents\GitHub\ColorfulFighter5\ColorfulFighter2\Player.cpp(681,53): warning C4244: '引数': 'float' から 'int' への変換です。データが失われる可能性があります。
C:\Users\lovecap\Documents\GitHub\ColorfulFighter5\ColorfulFighter2\Player.cpp(680,53): warning C4244: '引数': 'float' から 'int' への変換です。データが失われる可能性があります。
C:\Users\lovecap\Documents\GitHub\ColorfulFighter5\ColorfulFighter2\Player.cpp(691,52): warning C4244: '引数': 'float' から 'int' への変換です。データが失われる可能性があります。
C:\Users\lovecap\Documents\GitHub\ColorfulFighter5\ColorfulFighter2\Player.cpp(690,52): warning C4244: '引数': 'float' から 'int' への変換です。データが失われる可能性があります。
C:\Users\lovecap\Documents\GitHub\ColorfulFighter5\ColorfulFighter2\Player.cpp(689,52): warning C4244: '引数': 'float' から 'int' への変換です。データが失われる可能性があります。
C:\Users\lovecap\Documents\GitHub\ColorfulFighter5\ColorfulFighter2\Player.cpp(688,52): warning C4244: '引数': 'float' から 'int' への変換です。データが失われる可能性があります。
  コードを生成中...
C:\Users\lovecap\Documents\GitHub\ColorfulFighter5\ColorfulFighter2\GameManager.cpp(305,1): warning C4715: 'GameManager::ResultWinPlayerIndex': 値を返さないコントロール パスがあります。
