c:\users\lovecap\documents\github\colorfulfighter2\colorfulfighter2\x64\debug\vc143.pdb
c:\users\lovecap\documents\github\colorfulfighter2\colorfulfighter2\x64\debug\vc143.idb
c:\users\fko2447025\documents\github\colorfulfighter6\colorfulfighter2\x64\debug\vc143.pdb
c:\users\fko2447025\documents\github\colorfulfighter6\colorfulfighter2\x64\debug\vc143.idb
c:\users\fko2447025\documents\github\colorfulfighter6\colorfulfighter2\x64\debug\main.obj
c:\users\fko2447025\documents\github\colorfulfighter6\colorfulfighter2\x64\debug\ui.obj
c:\users\fko2447025\documents\github\colorfulfighter6\colorfulfighter2\x64\debug\titlescene.obj
c:\users\fko2447025\documents\github\colorfulfighter6\colorfulfighter2\x64\debug\scenecontroller.obj
c:\users\fko2447025\documents\github\colorfulfighter6\colorfulfighter2\x64\debug\scenebase.obj
c:\users\fko2447025\documents\github\colorfulfighter6\colorfulfighter2\x64\debug\se.obj
c:\users\fko2447025\documents\github\colorfulfighter6\colorfulfighter2\x64\debug\resultscene.obj
c:\users\fko2447025\documents\github\colorfulfighter6\colorfulfighter2\x64\debug\player.obj
c:\users\fko2447025\documents\github\colorfulfighter6\colorfulfighter2\x64\debug\input.obj
c:\users\fko2447025\documents\github\colorfulfighter6\colorfulfighter2\x64\debug\gamescene.obj
c:\users\fko2447025\documents\github\colorfulfighter6\colorfulfighter2\x64\debug\gamemanager.obj
c:\users\fko2447025\documents\github\colorfulfighter6\colorfulfighter2\x64\debug\fademanager.obj
c:\users\fko2447025\documents\github\colorfulfighter6\colorfulfighter2\x64\debug\collisioncheck.obj
c:\users\fko2447025\documents\github\colorfulfighter6\colorfulfighter2\x64\debug\chara.obj
c:\users\fko2447025\documents\github\colorfulfighter6\colorfulfighter2\x64\debug\camera.obj
c:\users\fko2447025\documents\github\colorfulfighter6\colorfulfighter2\x64\debug\bullet.obj
c:\users\fko2447025\documents\github\colorfulfighter6\colorfulfighter2\x64\debug\bgm.obj
c:\users\fko2447025\documents\github\colorfulfighter6\colorfulfighter2\x64\debug\application.obj
c:\users\fko2447025\documents\github\colorfulfighter6\colorfulfighter2\x64\debug\commandselectscene.obj
c:\users\fko2447025\documents\github\colorfulfighter6\x64\debug\colorfulfighter2.exe
c:\users\fko2447025\documents\github\colorfulfighter6\x64\debug\colorfulfighter2.pdb
c:\users\fko2447025\documents\github\colorfulfighter6\colorfulfighter2\x64\debug\colorfulfighter2.ilk
c:\users\fko2447025\documents\github\colorfulfighter6\colorfulfighter2\x64\debug\chara1.obj
c:\users\fko2447025\documents\github\colorfulfighter6\colorfulfighter2\x64\debug\chara2.obj
c:\users\fko2447025\documents\github\colorfulfighter6\colorfulfighter2\x64\debug\charabase.obj
c:\users\fko2447025\documents\github\colorfulfighter6\colorfulfighter2\x64\debug\characterselectscene.obj
c:\users\fko2447025\documents\github\colorfulfighter6\colorfulfighter2\x64\debug\loadcsv.obj
c:\users\fko2447025\documents\github\colorfulfighter6\colorfulfighter2\x64\debug\playertest.obj
c:\users\fko2447025\documents\github\colorfulfighter6\colorfulfighter2\x64\debug\soundmanager.obj
c:\users\fko2447025\documents\github\colorfulfighter6\colorfulfighter2\x64\debug\testplayer.obj
c:\users\fko2447025\documents\github\colorfulfighter6\colorfulfighter2\x64\debug\collisioncheck.obj.enc
c:\users\fko2447025\documents\github\colorfulfighter6\colorfulfighter2\x64\debug\colorfulfighter2.tlog\cl.command.1.tlog
c:\users\fko2447025\documents\github\colorfulfighter6\colorfulfighter2\x64\debug\colorfulfighter2.tlog\cl.items.tlog
c:\users\fko2447025\documents\github\colorfulfighter6\colorfulfighter2\x64\debug\colorfulfighter2.tlog\cl.read.1.tlog
c:\users\fko2447025\documents\github\colorfulfighter6\colorfulfighter2\x64\debug\colorfulfighter2.tlog\cl.write.1.tlog
c:\users\fko2447025\documents\github\colorfulfighter6\colorfulfighter2\x64\debug\colorfulfighter2.tlog\link.command.1.tlog
c:\users\fko2447025\documents\github\colorfulfighter6\colorfulfighter2\x64\debug\colorfulfighter2.tlog\link.read.1.tlog
c:\users\fko2447025\documents\github\colorfulfighter6\colorfulfighter2\x64\debug\colorfulfighter2.tlog\link.secondary.1.tlog
c:\users\fko2447025\documents\github\colorfulfighter6\colorfulfighter2\x64\debug\colorfulfighter2.tlog\link.write.1.tlog
